Analysis & Synthesis report for final_c
Fri May 04 12:45:26 2018
Quartus II 64-Bit Version 13.0.1 Build 232 06/12/2013 Service Pack 1 SJ Web Edition


---------------------
; Table of Contents ;
---------------------
  1. Legal Notice
  2. Analysis & Synthesis Summary
  3. Analysis & Synthesis Settings
  4. Parallel Compilation
  5. Analysis & Synthesis Source Files Read
  6. Analysis & Synthesis Resource Usage Summary
  7. Analysis & Synthesis Resource Utilization by Entity
  8. Analysis & Synthesis RAM Summary
  9. Analysis & Synthesis IP Cores Summary
 10. User-Specified and Inferred Latches
 11. General Register Statistics
 12. Multiplexer Restructuring Statistics (Restructuring Performed)
 13. Source assignments for TRISCRAMCsp18:inst|altsyncram:altsyncram_component|altsyncram_spc1:auto_generated
 14. Parameter Settings for User Entity Instance: ControlUnit:CU|Controller:Controller_
 15. Parameter Settings for User Entity Instance: TRISCRAMCsp18:inst|altsyncram:altsyncram_component
 16. altsyncram Parameter Settings by Entity Instance
 17. Elapsed Time Per Partition
 18. Analysis & Synthesis Messages



----------------
; Legal Notice ;
----------------
Copyright (C) 1991-2013 Altera Corporation
Your use of Altera Corporation's design tools, logic functions 
and other software and tools, and its AMPP partner logic 
functions, and any output files from any of the foregoing 
(including device programming or simulation files), and any 
associated documentation or information are expressly subject 
to the terms and conditions of the Altera Program License 
Subscription Agreement, Altera MegaCore Function License 
Agreement, or other applicable license agreement, including, 
without limitation, that your use is for the sole purpose of 
programming logic devices manufactured by Altera and sold by 
Altera or its authorized distributors.  Please refer to the 
applicable agreement for further details.



+--------------------------------------------------------------------------------------+
; Analysis & Synthesis Summary                                                         ;
+------------------------------------+-------------------------------------------------+
; Analysis & Synthesis Status        ; Successful - Fri May 04 12:45:25 2018           ;
; Quartus II 64-Bit Version          ; 13.0.1 Build 232 06/12/2013 SP 1 SJ Web Edition ;
; Revision Name                      ; final_c                                         ;
; Top-level Entity Name              ; final_c                                         ;
; Family                             ; Cyclone II                                      ;
; Total logic elements               ; 182                                             ;
;     Total combinational functions  ; 178                                             ;
;     Dedicated logic registers      ; 21                                              ;
; Total registers                    ; 21                                              ;
; Total pins                         ; 44                                              ;
; Total virtual pins                 ; 0                                               ;
; Total memory bits                  ; 128                                             ;
; Embedded Multiplier 9-bit elements ; 0                                               ;
; Total PLLs                         ; 0                                               ;
+------------------------------------+-------------------------------------------------+


+----------------------------------------------------------------------------------------------------------------------+
; Analysis & Synthesis Settings                                                                                        ;
+----------------------------------------------------------------------------+--------------------+--------------------+
; Option                                                                     ; Setting            ; Default Value      ;
+----------------------------------------------------------------------------+--------------------+--------------------+
; Device                                                                     ; EP2C20F484C7       ;                    ;
; Top-level entity name                                                      ; final_c            ; final_c            ;
; Family name                                                                ; Cyclone II         ; Cyclone IV GX      ;
; Use smart compilation                                                      ; Off                ; Off                ;
; Enable parallel Assembler and TimeQuest Timing Analyzer during compilation ; On                 ; On                 ;
; Enable compact report table                                                ; Off                ; Off                ;
; Restructure Multiplexers                                                   ; Auto               ; Auto               ;
; Create Debugging Nodes for IP Cores                                        ; Off                ; Off                ;
; Preserve fewer node names                                                  ; On                 ; On                 ;
; Disable OpenCore Plus hardware evaluation                                  ; Off                ; Off                ;
; Verilog Version                                                            ; Verilog_2001       ; Verilog_2001       ;
; VHDL Version                                                               ; VHDL_1993          ; VHDL_1993          ;
; State Machine Processing                                                   ; Auto               ; Auto               ;
; Safe State Machine                                                         ; Off                ; Off                ;
; Extract Verilog State Machines                                             ; On                 ; On                 ;
; Extract VHDL State Machines                                                ; On                 ; On                 ;
; Ignore Verilog initial constructs                                          ; Off                ; Off                ;
; Iteration limit for constant Verilog loops                                 ; 5000               ; 5000               ;
; Iteration limit for non-constant Verilog loops                             ; 250                ; 250                ;
; Add Pass-Through Logic to Inferred RAMs                                    ; On                 ; On                 ;
; Infer RAMs from Raw Logic                                                  ; On                 ; On                 ;
; Parallel Synthesis                                                         ; On                 ; On                 ;
; DSP Block Balancing                                                        ; Auto               ; Auto               ;
; NOT Gate Push-Back                                                         ; On                 ; On                 ;
; Power-Up Don't Care                                                        ; On                 ; On                 ;
; Remove Redundant Logic Cells                                               ; Off                ; Off                ;
; Remove Duplicate Registers                                                 ; On                 ; On                 ;
; Ignore CARRY Buffers                                                       ; Off                ; Off                ;
; Ignore CASCADE Buffers                                                     ; Off                ; Off                ;
; Ignore GLOBAL Buffers                                                      ; Off                ; Off                ;
; Ignore ROW GLOBAL Buffers                                                  ; Off                ; Off                ;
; Ignore LCELL Buffers                                                       ; Off                ; Off                ;
; Ignore SOFT Buffers                                                        ; On                 ; On                 ;
; Limit AHDL Integers to 32 Bits                                             ; Off                ; Off                ;
; Optimization Technique                                                     ; Balanced           ; Balanced           ;
; Carry Chain Length                                                         ; 70                 ; 70                 ;
; Auto Carry Chains                                                          ; On                 ; On                 ;
; Auto Open-Drain Pins                                                       ; On                 ; On                 ;
; Perform WYSIWYG Primitive Resynthesis                                      ; Off                ; Off                ;
; Auto ROM Replacement                                                       ; On                 ; On                 ;
; Auto RAM Replacement                                                       ; On                 ; On                 ;
; Auto Shift Register Replacement                                            ; Auto               ; Auto               ;
; Allow Shift Register Merging across Hierarchies                            ; Auto               ; Auto               ;
; Auto Clock Enable Replacement                                              ; On                 ; On                 ;
; Strict RAM Replacement                                                     ; Off                ; Off                ;
; Allow Synchronous Control Signals                                          ; On                 ; On                 ;
; Force Use of Synchronous Clear Signals                                     ; Off                ; Off                ;
; Auto RAM to Logic Cell Conversion                                          ; Off                ; Off                ;
; Auto Resource Sharing                                                      ; Off                ; Off                ;
; Allow Any RAM Size For Recognition                                         ; Off                ; Off                ;
; Allow Any ROM Size For Recognition                                         ; Off                ; Off                ;
; Allow Any Shift Register Size For Recognition                              ; Off                ; Off                ;
; Use LogicLock Constraints during Resource Balancing                        ; On                 ; On                 ;
; Ignore translate_off and synthesis_off directives                          ; Off                ; Off                ;
; Timing-Driven Synthesis                                                    ; Off                ; Off                ;
; Report Parameter Settings                                                  ; On                 ; On                 ;
; Report Source Assignments                                                  ; On                 ; On                 ;
; Report Connectivity Checks                                                 ; On                 ; On                 ;
; Ignore Maximum Fan-Out Assignments                                         ; Off                ; Off                ;
; Synchronization Register Chain Length                                      ; 2                  ; 2                  ;
; PowerPlay Power Optimization                                               ; Normal compilation ; Normal compilation ;
; HDL message level                                                          ; Level2             ; Level2             ;
; Suppress Register Optimization Related Messages                            ; Off                ; Off                ;
; Number of Removed Registers Reported in Synthesis Report                   ; 5000               ; 5000               ;
; Number of Swept Nodes Reported in Synthesis Report                         ; 5000               ; 5000               ;
; Number of Inverted Registers Reported in Synthesis Report                  ; 100                ; 100                ;
; Clock MUX Protection                                                       ; On                 ; On                 ;
; Auto Gated Clock Conversion                                                ; Off                ; Off                ;
; Block Design Naming                                                        ; Auto               ; Auto               ;
; SDC constraint protection                                                  ; Off                ; Off                ;
; Synthesis Effort                                                           ; Auto               ; Auto               ;
; Shift Register Replacement - Allow Asynchronous Clear Signal               ; On                 ; On                 ;
; Pre-Mapping Resynthesis Optimization                                       ; Off                ; Off                ;
; Analysis & Synthesis Message Level                                         ; Medium             ; Medium             ;
; Disable Register Merging Across Hierarchies                                ; Auto               ; Auto               ;
; Resource Aware Inference For Block RAM                                     ; On                 ; On                 ;
; Synthesis Seed                                                             ; 1                  ; 1                  ;
+----------------------------------------------------------------------------+--------------------+--------------------+


Parallel compilation was disabled, but you have multiple processors available. Enable parallel compilation to reduce compilation time.
+-------------------------------------+
; Parallel Compilation                ;
+----------------------------+--------+
; Processors                 ; Number ;
+----------------------------+--------+
; Number detected on machine ; 4      ;
; Maximum allowed            ; 1      ;
+----------------------------+--------+


+-------------------------------------------------------------------------------------------------------------------------------------------------------------------------------------------------------------------------------------------------------+
; Analysis & Synthesis Source Files Read                                                                                                                                                                                                                ;
+------------------------------------------------------------+-----------------+------------------------------------+-------------------------------------------------------------------------------------------------------------------------+---------+
; File Name with User-Entered Path                           ; Used in Netlist ; File Type                          ; File Name with Absolute Path                                                                                            ; Library ;
+------------------------------------------------------------+-----------------+------------------------------------+-------------------------------------------------------------------------------------------------------------------------+---------+
; ../Lab1/adder_AND/pre_lab.bdf                              ; yes             ; User Block Diagram/Schematic File  ; C:/Users/dipti.3QTRUS/Desktop/Class Resources/2441/LABS/Final C/Lab1/adder_AND/pre_lab.bdf                              ;         ;
; ../Lab2/ripple_carry_adder/ripple_carry_prelab.bdf         ; yes             ; User Block Diagram/Schematic File  ; C:/Users/dipti.3QTRUS/Desktop/Class Resources/2441/LABS/Final C/Lab2/ripple_carry_adder/ripple_carry_prelab.bdf         ;         ;
; ../ACC/ACC/ACC.bdf                                         ; yes             ; User Block Diagram/Schematic File  ; C:/Users/dipti.3QTRUS/Desktop/Class Resources/2441/LABS/Final C/ACC/ACC/ACC.bdf                                         ;         ;
; ../IR/pi_po_register_74175.bdf                             ; yes             ; User Block Diagram/Schematic File  ; C:/Users/dipti.3QTRUS/Desktop/Class Resources/2441/LABS/Final C/IR/pi_po_register_74175.bdf                             ;         ;
; ../ALU/ALU_final.bdf                                       ; yes             ; User Block Diagram/Schematic File  ; C:/Users/dipti.3QTRUS/Desktop/Class Resources/2441/LABS/Final C/ALU/ALU_final.bdf                                       ;         ;
; ../TRISCRAMCsp18/TRISCRAMCsp18.v                           ; yes             ; User Wizard-Generated File         ; C:/Users/dipti.3QTRUS/Desktop/Class Resources/2441/LABS/Final C/TRISCRAMCsp18/TRISCRAMCsp18.v                           ;         ;
; ../lab9_Decoder/ID.v                                       ; yes             ; User Verilog HDL File              ; C:/Users/dipti.3QTRUS/Desktop/Class Resources/2441/LABS/Final C/lab9_Decoder/ID.v                                       ;         ;
; ../lab4_0_F/lab4_1.v                                       ; yes             ; User Verilog HDL File              ; C:/Users/dipti.3QTRUS/Desktop/Class Resources/2441/LABS/Final C/lab4_0_F/lab4_1.v                                       ;         ;
; ../finalC_ControlUnit/ControlUnit.bdf                      ; yes             ; User Block Diagram/Schematic File  ; C:/Users/dipti.3QTRUS/Desktop/Class Resources/2441/LABS/Final C/finalC_ControlUnit/ControlUnit.bdf                      ;         ;
; ../finalC_Controller/Controller.v                          ; yes             ; User Verilog HDL File              ; C:/Users/dipti.3QTRUS/Desktop/Class Resources/2441/LABS/Final C/finalC_Controller/Controller.v                          ;         ;
; ../4bit_counterUP/4bitUpCounter_74193/FourBitUpCounter.bdf ; yes             ; User Block Diagram/Schematic File  ; C:/Users/dipti.3QTRUS/Desktop/Class Resources/2441/LABS/Final C/4bit_counterUP/4bitUpCounter_74193/FourBitUpCounter.bdf ;         ;
; final_c.bdf                                                ; yes             ; User Block Diagram/Schematic File  ; C:/Users/dipti.3QTRUS/Desktop/Class Resources/2441/LABS/Final C/FinalC/final_c.bdf                                      ;         ;
; 74175.bdf                                                  ; yes             ; Megafunction                       ; c:/altera/13.0sp1/quartus/libraries/others/maxplus2/74175.bdf                                                           ;         ;
; altsyncram.tdf                                             ; yes             ; Megafunction                       ; c:/altera/13.0sp1/quartus/libraries/megafunctions/altsyncram.tdf                                                        ;         ;
; stratix_ram_block.inc                                      ; yes             ; Megafunction                       ; c:/altera/13.0sp1/quartus/libraries/megafunctions/stratix_ram_block.inc                                                 ;         ;
; lpm_mux.inc                                                ; yes             ; Megafunction                       ; c:/altera/13.0sp1/quartus/libraries/megafunctions/lpm_mux.inc                                                           ;         ;
; lpm_decode.inc                                             ; yes             ; Megafunction                       ; c:/altera/13.0sp1/quartus/libraries/megafunctions/lpm_decode.inc                                                        ;         ;
; aglobal130.inc                                             ; yes             ; Megafunction                       ; c:/altera/13.0sp1/quartus/libraries/megafunctions/aglobal130.inc                                                        ;         ;
; a_rdenreg.inc                                              ; yes             ; Megafunction                       ; c:/altera/13.0sp1/quartus/libraries/megafunctions/a_rdenreg.inc                                                         ;         ;
; altrom.inc                                                 ; yes             ; Megafunction                       ; c:/altera/13.0sp1/quartus/libraries/megafunctions/altrom.inc                                                            ;         ;
; altram.inc                                                 ; yes             ; Megafunction                       ; c:/altera/13.0sp1/quartus/libraries/megafunctions/altram.inc                                                            ;         ;
; altdpram.inc                                               ; yes             ; Megafunction                       ; c:/altera/13.0sp1/quartus/libraries/megafunctions/altdpram.inc                                                          ;         ;
; db/altsyncram_spc1.tdf                                     ; yes             ; Auto-Generated Megafunction        ; C:/Users/dipti.3QTRUS/Desktop/Class Resources/2441/LABS/Final C/FinalC/db/altsyncram_spc1.tdf                           ;         ;
; 74157.bdf                                                  ; yes             ; Megafunction                       ; c:/altera/13.0sp1/quartus/libraries/others/maxplus2/74157.bdf                                                           ;         ;
; 74193.bdf                                                  ; yes             ; Megafunction                       ; c:/altera/13.0sp1/quartus/libraries/others/maxplus2/74193.bdf                                                           ;         ;
+------------------------------------------------------------+-----------------+------------------------------------+-------------------------------------------------------------------------------------------------------------------------+---------+


+----------------------------------------------------------------------------------------------+
; Analysis & Synthesis Resource Usage Summary                                                  ;
+---------------------------------------------+------------------------------------------------+
; Resource                                    ; Usage                                          ;
+---------------------------------------------+------------------------------------------------+
; Estimated Total logic elements              ; 182                                            ;
;                                             ;                                                ;
; Total combinational functions               ; 178                                            ;
; Logic element usage by number of LUT inputs ;                                                ;
;     -- 4 input functions                    ; 92                                             ;
;     -- 3 input functions                    ; 47                                             ;
;     -- <=2 input functions                  ; 39                                             ;
;                                             ;                                                ;
; Logic elements by mode                      ;                                                ;
;     -- normal mode                          ; 178                                            ;
;     -- arithmetic mode                      ; 0                                              ;
;                                             ;                                                ;
; Total registers                             ; 21                                             ;
;     -- Dedicated logic registers            ; 21                                             ;
;     -- I/O registers                        ; 0                                              ;
;                                             ;                                                ;
; I/O pins                                    ; 44                                             ;
; Total memory bits                           ; 128                                            ;
; Embedded Multiplier 9-bit elements          ; 0                                              ;
; Maximum fan-out node                        ; ControlUnit:CU|Controller:Controller_|state[3] ;
; Maximum fan-out                             ; 24                                             ;
; Total fan-out                               ; 737                                            ;
; Average fan-out                             ; 2.94                                           ;
+---------------------------------------------+------------------------------------------------+


+----------------------------------------------------------------------------------------------------------------------------------------------------------------------------------------------------------------------------------------------------------------------+
; Analysis & Synthesis Resource Utilization by Entity                                                                                                                                                                                                                  ;
+----------------------------------------------+-------------------+--------------+-------------+--------------+---------+-----------+------+--------------+--------------------------------------------------------------------------------------------+--------------+
; Compilation Hierarchy Node                   ; LC Combinationals ; LC Registers ; Memory Bits ; DSP Elements ; DSP 9x9 ; DSP 18x18 ; Pins ; Virtual Pins ; Full Hierarchy Name                                                                        ; Library Name ;
+----------------------------------------------+-------------------+--------------+-------------+--------------+---------+-----------+------+--------------+--------------------------------------------------------------------------------------------+--------------+
; |final_c                                     ; 178 (2)           ; 21 (0)       ; 128         ; 0            ; 0       ; 0         ; 44   ; 0            ; |final_c                                                                                   ; work         ;
;    |74157:inst5|                             ; 4 (4)             ; 0 (0)        ; 0           ; 0            ; 0       ; 0         ; 0    ; 0            ; |final_c|74157:inst5                                                                       ; work         ;
;    |74175:inst6|                             ; 0 (0)             ; 4 (4)        ; 0           ; 0            ; 0       ; 0         ; 0    ; 0            ; |final_c|74175:inst6                                                                       ; work         ;
;    |ACC:ACC|                                 ; 31 (0)            ; 4 (0)        ; 0           ; 0            ; 0       ; 0         ; 0    ; 0            ; |final_c|ACC:ACC                                                                           ; work         ;
;       |74193:inst|                           ; 31 (31)           ; 4 (4)        ; 0           ; 0            ; 0       ; 0         ; 0    ; 0            ; |final_c|ACC:ACC|74193:inst                                                                ; work         ;
;    |ALU_final:inst19|                        ; 6 (0)             ; 0 (0)        ; 0           ; 0            ; 0       ; 0         ; 0    ; 0            ; |final_c|ALU_final:inst19                                                                  ; work         ;
;       |ripple_carry_prelab:adder_with_carry| ; 6 (0)             ; 0 (0)        ; 0           ; 0            ; 0       ; 0         ; 0    ; 0            ; |final_c|ALU_final:inst19|ripple_carry_prelab:adder_with_carry                             ; work         ;
;          |pre_lab:adder1|                    ; 1 (1)             ; 0 (0)        ; 0           ; 0            ; 0       ; 0         ; 0    ; 0            ; |final_c|ALU_final:inst19|ripple_carry_prelab:adder_with_carry|pre_lab:adder1              ; work         ;
;          |pre_lab:adder2|                    ; 2 (2)             ; 0 (0)        ; 0           ; 0            ; 0       ; 0         ; 0    ; 0            ; |final_c|ALU_final:inst19|ripple_carry_prelab:adder_with_carry|pre_lab:adder2              ; work         ;
;          |pre_lab:adder3|                    ; 1 (1)             ; 0 (0)        ; 0           ; 0            ; 0       ; 0         ; 0    ; 0            ; |final_c|ALU_final:inst19|ripple_carry_prelab:adder_with_carry|pre_lab:adder3              ; work         ;
;          |pre_lab:adder4|                    ; 2 (2)             ; 0 (0)        ; 0           ; 0            ; 0       ; 0         ; 0    ; 0            ; |final_c|ALU_final:inst19|ripple_carry_prelab:adder_with_carry|pre_lab:adder4              ; work         ;
;    |ControlUnit:CU|                          ; 80 (0)            ; 5 (0)        ; 0           ; 0            ; 0       ; 0         ; 0    ; 0            ; |final_c|ControlUnit:CU                                                                    ; work         ;
;       |Controller:Controller_|               ; 67 (67)           ; 5 (5)        ; 0           ; 0            ; 0       ; 0         ; 0    ; 0            ; |final_c|ControlUnit:CU|Controller:Controller_                                             ; work         ;
;       |ID:ID|                                ; 13 (13)           ; 0 (0)        ; 0           ; 0            ; 0       ; 0         ; 0    ; 0            ; |final_c|ControlUnit:CU|ID:ID                                                              ; work         ;
;    |FourBitUpCounter:inst10|                 ; 27 (0)            ; 4 (0)        ; 0           ; 0            ; 0       ; 0         ; 0    ; 0            ; |final_c|FourBitUpCounter:inst10                                                           ; work         ;
;       |74193:inst|                           ; 27 (27)           ; 4 (4)        ; 0           ; 0            ; 0       ; 0         ; 0    ; 0            ; |final_c|FourBitUpCounter:inst10|74193:inst                                                ; work         ;
;    |TRISCRAMCsp18:inst|                      ; 0 (0)             ; 0 (0)        ; 128         ; 0            ; 0       ; 0         ; 0    ; 0            ; |final_c|TRISCRAMCsp18:inst                                                                ; work         ;
;       |altsyncram:altsyncram_component|      ; 0 (0)             ; 0 (0)        ; 128         ; 0            ; 0       ; 0         ; 0    ; 0            ; |final_c|TRISCRAMCsp18:inst|altsyncram:altsyncram_component                                ; work         ;
;          |altsyncram_spc1:auto_generated|    ; 0 (0)             ; 0 (0)        ; 128         ; 0            ; 0       ; 0         ; 0    ; 0            ; |final_c|TRISCRAMCsp18:inst|altsyncram:altsyncram_component|altsyncram_spc1:auto_generated ; work         ;
;    |lab4_1:greenOutput|                      ; 7 (7)             ; 0 (0)        ; 0           ; 0            ; 0       ; 0         ; 0    ; 0            ; |final_c|lab4_1:greenOutput                                                                ; work         ;
;    |lab4_1:redOutput2|                       ; 7 (7)             ; 0 (0)        ; 0           ; 0            ; 0       ; 0         ; 0    ; 0            ; |final_c|lab4_1:redOutput2                                                                 ; work         ;
;    |lab4_1:redOutput|                        ; 7 (7)             ; 0 (0)        ; 0           ; 0            ; 0       ; 0         ; 0    ; 0            ; |final_c|lab4_1:redOutput                                                                  ; work         ;
;    |lab4_1:yellowOutput|                     ; 7 (7)             ; 0 (0)        ; 0           ; 0            ; 0       ; 0         ; 0    ; 0            ; |final_c|lab4_1:yellowOutput                                                               ; work         ;
;    |pi_po_register_74175:IR|                 ; 0 (0)             ; 4 (0)        ; 0           ; 0            ; 0       ; 0         ; 0    ; 0            ; |final_c|pi_po_register_74175:IR                                                           ; work         ;
;       |74175:inst|                           ; 0 (0)             ; 4 (4)        ; 0           ; 0            ; 0       ; 0         ; 0    ; 0            ; |final_c|pi_po_register_74175:IR|74175:inst                                                ; work         ;
+----------------------------------------------+-------------------+--------------+-------------+--------------+---------+-----------+------+--------------+--------------------------------------------------------------------------------------------+--------------+
Note: For table entries with two numbers listed, the numbers in parentheses indicate the number of resources of the given type used by the specific entity alone. The numbers listed outside of parentheses indicate the total resources of the given type used by the specific entity and all of its sub-entities in the hierarchy.


+----------------------------------------------------------------------------------------------------------------------------------------------------------------------------------------------------------+
; Analysis & Synthesis RAM Summary                                                                                                                                                                         ;
+----------------------------------------------------------------------------------------------+------+-------------+--------------+--------------+--------------+--------------+------+-------------------+
; Name                                                                                         ; Type ; Mode        ; Port A Depth ; Port A Width ; Port B Depth ; Port B Width ; Size ; MIF               ;
+----------------------------------------------------------------------------------------------+------+-------------+--------------+--------------+--------------+--------------+------+-------------------+
; TRISCRAMCsp18:inst|altsyncram:altsyncram_component|altsyncram_spc1:auto_generated|ALTSYNCRAM ; AUTO ; Single Port ; 16           ; 8            ; --           ; --           ; 128  ; TRISCRAMCsp18.hex ;
+----------------------------------------------------------------------------------------------+------+-------------+--------------+--------------+--------------+--------------+------+-------------------+


+---------------------------------------------------------------------------------------------------------------------------------------------------------------------------------------------+
; Analysis & Synthesis IP Cores Summary                                                                                                                                                       ;
+--------+--------------+---------+--------------+--------------+-----------------------------+-----------------------------------------------------------------------------------------------+
; Vendor ; IP Core Name ; Version ; Release Date ; License Type ; Entity Instance             ; IP Include File                                                                               ;
+--------+--------------+---------+--------------+--------------+-----------------------------+-----------------------------------------------------------------------------------------------+
; Altera ; RAM: 1-PORT  ; N/A     ; N/A          ; N/A          ; |final_c|TRISCRAMCsp18:inst ; C:/Users/dipti.3QTRUS/Desktop/Class Resources/2441/LABS/Final C/TRISCRAMCsp18/TRISCRAMCsp18.v ;
+--------+--------------+---------+--------------+--------------+-----------------------------+-----------------------------------------------------------------------------------------------+


+------------------------------------------------------------------------------------------------------------------------------+
; User-Specified and Inferred Latches                                                                                          ;
+-----------------------------------------------------+-----------------------------------------------+------------------------+
; Latch Name                                          ; Latch Enable Signal                           ; Free of Timing Hazards ;
+-----------------------------------------------------+-----------------------------------------------+------------------------+
; ControlUnit:CU|Controller:Controller_|c0            ; ControlUnit:CU|Controller:Controller_|WideOr1 ; yes                    ;
; ControlUnit:CU|Controller:Controller_|c5            ; ControlUnit:CU|Controller:Controller_|WideOr1 ; yes                    ;
; ControlUnit:CU|Controller:Controller_|c4            ; ControlUnit:CU|Controller:Controller_|WideOr1 ; yes                    ;
; ControlUnit:CU|Controller:Controller_|c2            ; ControlUnit:CU|Controller:Controller_|WideOr1 ; yes                    ;
; ControlUnit:CU|Controller:Controller_|c16           ; ControlUnit:CU|Controller:Controller_|WideOr1 ; yes                    ;
; ControlUnit:CU|Controller:Controller_|c11           ; ControlUnit:CU|Controller:Controller_|WideOr1 ; yes                    ;
; ControlUnit:CU|Controller:Controller_|c12           ; ControlUnit:CU|Controller:Controller_|WideOr1 ; yes                    ;
; ControlUnit:CU|Controller:Controller_|c10           ; ControlUnit:CU|Controller:Controller_|WideOr1 ; yes                    ;
; ControlUnit:CU|Controller:Controller_|c9            ; ControlUnit:CU|Controller:Controller_|WideOr1 ; yes                    ;
; ControlUnit:CU|Controller:Controller_|c8            ; ControlUnit:CU|Controller:Controller_|WideOr1 ; yes                    ;
; ControlUnit:CU|Controller:Controller_|c7            ; ControlUnit:CU|Controller:Controller_|WideOr1 ; yes                    ;
; ControlUnit:CU|Controller:Controller_|c3            ; ControlUnit:CU|Controller:Controller_|WideOr1 ; yes                    ;
; ControlUnit:CU|Controller:Controller_|c1            ; ControlUnit:CU|Controller:Controller_|WideOr1 ; yes                    ;
; ControlUnit:CU|Controller:Controller_|nextstate[4]  ; ControlUnit:CU|Controller:Controller_|Mux5    ; yes                    ;
; ControlUnit:CU|Controller:Controller_|nextstate[3]  ; ControlUnit:CU|Controller:Controller_|Mux5    ; yes                    ;
; ControlUnit:CU|Controller:Controller_|nextstate[2]  ; ControlUnit:CU|Controller:Controller_|Mux5    ; yes                    ;
; ControlUnit:CU|Controller:Controller_|nextstate[1]  ; ControlUnit:CU|Controller:Controller_|Mux5    ; yes                    ;
; ControlUnit:CU|Controller:Controller_|nextstate[0]  ; ControlUnit:CU|Controller:Controller_|Mux5    ; yes                    ;
; ControlUnit:CU|ID:ID|JMP                            ; ControlUnit:CU|ID:ID|WideOr1                  ; yes                    ;
; ControlUnit:CU|ID:ID|ADD                            ; ControlUnit:CU|ID:ID|WideOr1                  ; yes                    ;
; ControlUnit:CU|ID:ID|CLR                            ; ControlUnit:CU|ID:ID|WideOr1                  ; yes                    ;
; ControlUnit:CU|ID:ID|INC                            ; ControlUnit:CU|ID:ID|WideOr1                  ; yes                    ;
; ControlUnit:CU|ID:ID|STA                            ; ControlUnit:CU|ID:ID|WideOr1                  ; yes                    ;
; ControlUnit:CU|ID:ID|LDA                            ; ControlUnit:CU|ID:ID|WideOr1                  ; yes                    ;
; Number of user-specified and inferred latches = 24  ;                                               ;                        ;
+-----------------------------------------------------+-----------------------------------------------+------------------------+
Note: All latches listed above may not be present at the end of synthesis due to various synthesis optimizations.


+------------------------------------------------------+
; General Register Statistics                          ;
+----------------------------------------------+-------+
; Statistic                                    ; Value ;
+----------------------------------------------+-------+
; Total registers                              ; 21    ;
; Number of registers using Synchronous Clear  ; 0     ;
; Number of registers using Synchronous Load   ; 0     ;
; Number of registers using Asynchronous Clear ; 13    ;
; Number of registers using Asynchronous Load  ; 0     ;
; Number of registers using Clock Enable       ; 0     ;
; Number of registers using Preset             ; 0     ;
+----------------------------------------------+-------+


+-------------------------------------------------------------------------------------------------------------------------------------------------------------------+
; Multiplexer Restructuring Statistics (Restructuring Performed)                                                                                                    ;
+--------------------+-----------+---------------+----------------------+------------------------+------------+-----------------------------------------------------+
; Multiplexer Inputs ; Bus Width ; Baseline Area ; Area if Restructured ; Saving if Restructured ; Registered ; Example Multiplexer Output                          ;
+--------------------+-----------+---------------+----------------------+------------------------+------------+-----------------------------------------------------+
; 23:1               ; 2 bits    ; 30 LEs        ; 24 LEs               ; 6 LEs                  ; No         ; |final_c|ControlUnit:CU|Controller:Controller_|Mux1 ;
; 25:1               ; 2 bits    ; 32 LEs        ; 22 LEs               ; 10 LEs                 ; No         ; |final_c|ControlUnit:CU|Controller:Controller_|Mux3 ;
+--------------------+-----------+---------------+----------------------+------------------------+------------+-----------------------------------------------------+


+----------------------------------------------------------------------------------------------------------+
; Source assignments for TRISCRAMCsp18:inst|altsyncram:altsyncram_component|altsyncram_spc1:auto_generated ;
+---------------------------------+--------------------+------+--------------------------------------------+
; Assignment                      ; Value              ; From ; To                                         ;
+---------------------------------+--------------------+------+--------------------------------------------+
; OPTIMIZE_POWER_DURING_SYNTHESIS ; NORMAL_COMPILATION ; -    ; -                                          ;
+---------------------------------+--------------------+------+--------------------------------------------+


+------------------------------------------------------------------------------------+
; Parameter Settings for User Entity Instance: ControlUnit:CU|Controller:Controller_ ;
+----------------+-------+-----------------------------------------------------------+
; Parameter Name ; Value ; Type                                                      ;
+----------------+-------+-----------------------------------------------------------+
; A              ; 00000 ; Unsigned Binary                                           ;
; B              ; 00001 ; Unsigned Binary                                           ;
; C              ; 00010 ; Unsigned Binary                                           ;
; D              ; 00011 ; Unsigned Binary                                           ;
; E              ; 00100 ; Unsigned Binary                                           ;
; F              ; 00110 ; Unsigned Binary                                           ;
; G              ; 00101 ; Unsigned Binary                                           ;
; H              ; 00111 ; Unsigned Binary                                           ;
; I              ; 01000 ; Unsigned Binary                                           ;
; J              ; 01001 ; Unsigned Binary                                           ;
; K              ; 01010 ; Unsigned Binary                                           ;
; L              ; 01011 ; Unsigned Binary                                           ;
; M              ; 01100 ; Unsigned Binary                                           ;
; N              ; 01101 ; Unsigned Binary                                           ;
; O              ; 01110 ; Unsigned Binary                                           ;
; P              ; 01111 ; Unsigned Binary                                           ;
; Q              ; 10000 ; Unsigned Binary                                           ;
; R              ; 10001 ; Unsigned Binary                                           ;
; S              ; 10010 ; Unsigned Binary                                           ;
; T              ; 10011 ; Unsigned Binary                                           ;
; U              ; 11111 ; Unsigned Binary                                           ;
+----------------+-------+-----------------------------------------------------------+
Note: In order to hide this table in the UI and the text report file, please set the "Show Parameter Settings in Synthesis Report" option in "Analysis and Synthesis Settings -> More Settings" to "Off".


+-------------------------------------------------------------------------------------------------+
; Parameter Settings for User Entity Instance: TRISCRAMCsp18:inst|altsyncram:altsyncram_component ;
+------------------------------------+----------------------+-------------------------------------+
; Parameter Name                     ; Value                ; Type                                ;
+------------------------------------+----------------------+-------------------------------------+
; BYTE_SIZE_BLOCK                    ; 8                    ; Untyped                             ;
; AUTO_CARRY_CHAINS                  ; ON                   ; AUTO_CARRY                          ;
; IGNORE_CARRY_BUFFERS               ; OFF                  ; IGNORE_CARRY                        ;
; AUTO_CASCADE_CHAINS                ; ON                   ; AUTO_CASCADE                        ;
; IGNORE_CASCADE_BUFFERS             ; OFF                  ; IGNORE_CASCADE                      ;
; WIDTH_BYTEENA                      ; 1                    ; Untyped                             ;
; OPERATION_MODE                     ; SINGLE_PORT          ; Untyped                             ;
; WIDTH_A                            ; 8                    ; Signed Integer                      ;
; WIDTHAD_A                          ; 4                    ; Signed Integer                      ;
; NUMWORDS_A                         ; 16                   ; Signed Integer                      ;
; OUTDATA_REG_A                      ; CLOCK0               ; Untyped                             ;
; ADDRESS_ACLR_A                     ; NONE                 ; Untyped                             ;
; OUTDATA_ACLR_A                     ; NONE                 ; Untyped                             ;
; WRCONTROL_ACLR_A                   ; NONE                 ; Untyped                             ;
; INDATA_ACLR_A                      ; NONE                 ; Untyped                             ;
; BYTEENA_ACLR_A                     ; NONE                 ; Untyped                             ;
; WIDTH_B                            ; 1                    ; Untyped                             ;
; WIDTHAD_B                          ; 1                    ; Untyped                             ;
; NUMWORDS_B                         ; 1                    ; Untyped                             ;
; INDATA_REG_B                       ; CLOCK1               ; Untyped                             ;
; WRCONTROL_WRADDRESS_REG_B          ; CLOCK1               ; Untyped                             ;
; RDCONTROL_REG_B                    ; CLOCK1               ; Untyped                             ;
; ADDRESS_REG_B                      ; CLOCK1               ; Untyped                             ;
; OUTDATA_REG_B                      ; UNREGISTERED         ; Untyped                             ;
; BYTEENA_REG_B                      ; CLOCK1               ; Untyped                             ;
; INDATA_ACLR_B                      ; NONE                 ; Untyped                             ;
; WRCONTROL_ACLR_B                   ; NONE                 ; Untyped                             ;
; ADDRESS_ACLR_B                     ; NONE                 ; Untyped                             ;
; OUTDATA_ACLR_B                     ; NONE                 ; Untyped                             ;
; RDCONTROL_ACLR_B                   ; NONE                 ; Untyped                             ;
; BYTEENA_ACLR_B                     ; NONE                 ; Untyped                             ;
; WIDTH_BYTEENA_A                    ; 1                    ; Signed Integer                      ;
; WIDTH_BYTEENA_B                    ; 1                    ; Untyped                             ;
; RAM_BLOCK_TYPE                     ; AUTO                 ; Untyped                             ;
; BYTE_SIZE                          ; 8                    ; Untyped                             ;
; READ_DURING_WRITE_MODE_MIXED_PORTS ; DONT_CARE            ; Untyped                             ;
; READ_DURING_WRITE_MODE_PORT_A      ; NEW_DATA_NO_NBE_READ ; Untyped                             ;
; READ_DURING_WRITE_MODE_PORT_B      ; NEW_DATA_NO_NBE_READ ; Untyped                             ;
; INIT_FILE                          ; TRISCRAMCsp18.hex    ; Untyped                             ;
; INIT_FILE_LAYOUT                   ; PORT_A               ; Untyped                             ;
; MAXIMUM_DEPTH                      ; 0                    ; Untyped                             ;
; CLOCK_ENABLE_INPUT_A               ; BYPASS               ; Untyped                             ;
; CLOCK_ENABLE_INPUT_B               ; NORMAL               ; Untyped                             ;
; CLOCK_ENABLE_OUTPUT_A              ; BYPASS               ; Untyped                             ;
; CLOCK_ENABLE_OUTPUT_B              ; NORMAL               ; Untyped                             ;
; CLOCK_ENABLE_CORE_A                ; USE_INPUT_CLKEN      ; Untyped                             ;
; CLOCK_ENABLE_CORE_B                ; USE_INPUT_CLKEN      ; Untyped                             ;
; ENABLE_ECC                         ; FALSE                ; Untyped                             ;
; ECC_PIPELINE_STAGE_ENABLED         ; FALSE                ; Untyped                             ;
; WIDTH_ECCSTATUS                    ; 3                    ; Untyped                             ;
; DEVICE_FAMILY                      ; Cyclone II           ; Untyped                             ;
; CBXI_PARAMETER                     ; altsyncram_spc1      ; Untyped                             ;
+------------------------------------+----------------------+-------------------------------------+
Note: In order to hide this table in the UI and the text report file, please set the "Show Parameter Settings in Synthesis Report" option in "Analysis and Synthesis Settings -> More Settings" to "Off".


+------------------------------------------------------------------------------------------------+
; altsyncram Parameter Settings by Entity Instance                                               ;
+-------------------------------------------+----------------------------------------------------+
; Name                                      ; Value                                              ;
+-------------------------------------------+----------------------------------------------------+
; Number of entity instances                ; 1                                                  ;
; Entity Instance                           ; TRISCRAMCsp18:inst|altsyncram:altsyncram_component ;
;     -- OPERATION_MODE                     ; SINGLE_PORT                                        ;
;     -- WIDTH_A                            ; 8                                                  ;
;     -- NUMWORDS_A                         ; 16                                                 ;
;     -- OUTDATA_REG_A                      ; CLOCK0                                             ;
;     -- WIDTH_B                            ; 1                                                  ;
;     -- NUMWORDS_B                         ; 1                                                  ;
;     -- ADDRESS_REG_B                      ; CLOCK1                                             ;
;     -- OUTDATA_REG_B                      ; UNREGISTERED                                       ;
;     -- RAM_BLOCK_TYPE                     ; AUTO                                               ;
;     -- READ_DURING_WRITE_MODE_MIXED_PORTS ; DONT_CARE                                          ;
+-------------------------------------------+----------------------------------------------------+


+-------------------------------+
; Elapsed Time Per Partition    ;
+----------------+--------------+
; Partition Name ; Elapsed Time ;
+----------------+--------------+
; Top            ; 00:00:00     ;
+----------------+--------------+


+-------------------------------+
; Analysis & Synthesis Messages ;
+-------------------------------+
Info: *******************************************************************
Info: Running Quartus II 64-Bit Analysis & Synthesis
    Info: Version 13.0.1 Build 232 06/12/2013 Service Pack 1 SJ Web Edition
    Info: Processing started: Fri May 04 12:45:22 2018
Info: Command: quartus_map --read_settings_files=on --write_settings_files=off final_c -c final_c
Warning (20028): Parallel compilation is not licensed and has been disabled
Info (12021): Found 1 design units, including 1 entities, in source file /users/dipti.3qtrus/desktop/class resources/2441/labs/triscrambsp18/triscrambsp18.v
    Info (12023): Found entity 1: TRISCRAMBsp18
Info (12021): Found 1 design units, including 1 entities, in source file /users/dipti.3qtrus/desktop/class resources/2441/labs/final c/lab1/adder_and/pre_lab.bdf
    Info (12023): Found entity 1: pre_lab
Info (12021): Found 1 design units, including 1 entities, in source file /users/dipti.3qtrus/desktop/class resources/2441/labs/final c/lab2/ripple_carry_adder/ripple_carry_prelab.bdf
    Info (12023): Found entity 1: ripple_carry_prelab
Info (12021): Found 1 design units, including 1 entities, in source file /users/dipti.3qtrus/desktop/class resources/2441/labs/final c/ripple_carry_with_overflow/adder_with_overflow.bdf
    Info (12023): Found entity 1: adder_with_overflow
Info (12021): Found 1 design units, including 1 entities, in source file /users/dipti.3qtrus/desktop/class resources/2441/labs/final c/lab5/quad2_to_1.bdf
    Info (12023): Found entity 1: quad2_to_1
Info (12021): Found 1 design units, including 1 entities, in source file /users/dipti.3qtrus/desktop/class resources/2441/labs/final c/acc/acc/acc.bdf
    Info (12023): Found entity 1: ACC
Info (12021): Found 1 design units, including 1 entities, in source file /users/dipti.3qtrus/desktop/class resources/2441/labs/final c/ir/pi_po_register_74175.bdf
    Info (12023): Found entity 1: pi_po_register_74175
Info (12021): Found 1 design units, including 1 entities, in source file /users/dipti.3qtrus/desktop/class resources/2441/labs/final c/alu/alu_final.bdf
    Info (12023): Found entity 1: ALU_final
Info (12021): Found 1 design units, including 1 entities, in source file /users/dipti.3qtrus/desktop/class resources/2441/labs/final c/triscramcsp18/triscramcsp18.v
    Info (12023): Found entity 1: TRISCRAMCsp18
Info (12021): Found 1 design units, including 1 entities, in source file /users/dipti.3qtrus/desktop/class resources/2441/labs/final c/lab9_decoder/id.v
    Info (12023): Found entity 1: ID
Info (12021): Found 1 design units, including 1 entities, in source file /users/dipti.3qtrus/desktop/class resources/2441/labs/final c/lab4_0_f/lab4_1.v
    Info (12023): Found entity 1: lab4_1
Info (12021): Found 1 design units, including 1 entities, in source file /users/dipti.3qtrus/desktop/class resources/2441/labs/final c/finalc_controlunit/controlunit.bdf
    Info (12023): Found entity 1: ControlUnit
Info (12021): Found 1 design units, including 1 entities, in source file /users/dipti.3qtrus/desktop/class resources/2441/labs/final c/finalc_controller/controller.v
    Info (12023): Found entity 1: Controller
Info (12021): Found 1 design units, including 1 entities, in source file /users/dipti.3qtrus/desktop/class resources/2441/labs/final c/4bit_counterup/4bitupcounter_74193/fourbitupcounter.bdf
    Info (12023): Found entity 1: FourBitUpCounter
Info (12021): Found 1 design units, including 1 entities, in source file final_c.bdf
    Info (12023): Found entity 1: final_c
Info (12127): Elaborating entity "final_c" for the top level hierarchy
Warning (275011): Block or symbol "lab4_1" of instance "redOutput2" overlaps another block or symbol
Warning (275080): Converted elements in bus name "c" using legacy naming rules. Make any assignments on the new names, not on the original names.
    Warning (275081): Converted element name(s) from "c[4]" to "c4"
    Warning (275081): Converted element name(s) from "c[5]" to "c5"
    Warning (275081): Converted element name(s) from "c[2]" to "c2"
    Warning (275081): Converted element name(s) from "c[3]" to "c3"
    Warning (275081): Converted element name(s) from "c[0]" to "c0"
    Warning (275081): Converted element name(s) from "c[16]" to "c16"
    Warning (275081): Converted element name(s) from "c[4]" to "c4"
    Warning (275081): Converted element name(s) from "c[5]" to "c5"
    Warning (275081): Converted element name(s) from "c[7]" to "c7"
    Warning (275081): Converted element name(s) from "c[8]" to "c8"
    Warning (275081): Converted element name(s) from "c[9]" to "c9"
    Warning (275081): Converted element name(s) from "c[10]" to "c10"
    Warning (275081): Converted element name(s) from "c[1]" to "c1"
    Warning (275081): Converted element name(s) from "c[7]" to "c7"
    Warning (275081): Converted element name(s) from "c[12]" to "c12"
    Warning (275081): Converted element name(s) from "c[13]" to "c13"
    Warning (275081): Converted element name(s) from "c[11]" to "c11"
    Warning (275081): Converted element name(s) from "c[16]" to "c16"
    Warning (275081): Converted element name(s) from "c[9]" to "c9"
    Warning (275081): Converted element name(s) from "c[11]" to "c11"
    Warning (275081): Converted element name(s) from "c[8]" to "c8"
    Warning (275081): Converted element name(s) from "c[12]" to "c12"
    Warning (275081): Converted element name(s) from "c[1]" to "c1"
    Warning (275081): Converted element name(s) from "c[2]" to "c2"
    Warning (275081): Converted element name(s) from "c[0]" to "c0"
    Warning (275081): Converted element name(s) from "c[16..0]" to "c16..0"
    Warning (275081): Converted element name(s) from "c[10]" to "c10"
Info (12128): Elaborating entity "ControlUnit" for hierarchy "ControlUnit:CU"
Info (12128): Elaborating entity "Controller" for hierarchy "ControlUnit:CU|Controller:Controller_"
Warning (10270): Verilog HDL Case Statement warning at Controller.v(11): incomplete case statement has no default case item
Warning (10240): Verilog HDL Always Construct warning at Controller.v(10): inferring latch(es) for variable "nextstate", which holds its previous value in one or more paths through the always construct
Warning (10240): Verilog HDL Always Construct warning at Controller.v(10): inferring latch(es) for variable "c0", which holds its previous value in one or more paths through the always construct
Warning (10240): Verilog HDL Always Construct warning at Controller.v(10): inferring latch(es) for variable "c1", which holds its previous value in one or more paths through the always construct
Warning (10240): Verilog HDL Always Construct warning at Controller.v(10): inferring latch(es) for variable "c2", which holds its previous value in one or more paths through the always construct
Warning (10240): Verilog HDL Always Construct warning at Controller.v(10): inferring latch(es) for variable "c3", which holds its previous value in one or more paths through the always construct
Warning (10240): Verilog HDL Always Construct warning at Controller.v(10): inferring latch(es) for variable "c4", which holds its previous value in one or more paths through the always construct
Warning (10240): Verilog HDL Always Construct warning at Controller.v(10): inferring latch(es) for variable "c5", which holds its previous value in one or more paths through the always construct
Warning (10240): Verilog HDL Always Construct warning at Controller.v(10): inferring latch(es) for variable "c7", which holds its previous value in one or more paths through the always construct
Warning (10240): Verilog HDL Always Construct warning at Controller.v(10): inferring latch(es) for variable "c8", which holds its previous value in one or more paths through the always construct
Warning (10240): Verilog HDL Always Construct warning at Controller.v(10): inferring latch(es) for variable "c9", which holds its previous value in one or more paths through the always construct
Warning (10240): Verilog HDL Always Construct warning at Controller.v(10): inferring latch(es) for variable "c10", which holds its previous value in one or more paths through the always construct
Warning (10240): Verilog HDL Always Construct warning at Controller.v(10): inferring latch(es) for variable "c11", which holds its previous value in one or more paths through the always construct
Warning (10240): Verilog HDL Always Construct warning at Controller.v(10): inferring latch(es) for variable "c12", which holds its previous value in one or more paths through the always construct
Warning (10240): Verilog HDL Always Construct warning at Controller.v(10): inferring latch(es) for variable "c13", which holds its previous value in one or more paths through the always construct
Warning (10240): Verilog HDL Always Construct warning at Controller.v(10): inferring latch(es) for variable "c16", which holds its previous value in one or more paths through the always construct
Info (10041): Inferred latch for "c16" at Controller.v(10)
Info (10041): Inferred latch for "c13" at Controller.v(10)
Info (10041): Inferred latch for "c12" at Controller.v(10)
Info (10041): Inferred latch for "c11" at Controller.v(10)
Info (10041): Inferred latch for "c10" at Controller.v(10)
Info (10041): Inferred latch for "c9" at Controller.v(10)
Info (10041): Inferred latch for "c8" at Controller.v(10)
Info (10041): Inferred latch for "c7" at Controller.v(10)
Info (10041): Inferred latch for "c5" at Controller.v(10)
Info (10041): Inferred latch for "c4" at Controller.v(10)
Info (10041): Inferred latch for "c3" at Controller.v(10)
Info (10041): Inferred latch for "c2" at Controller.v(10)
Info (10041): Inferred latch for "c1" at Controller.v(10)
Info (10041): Inferred latch for "c0" at Controller.v(10)
Info (10041): Inferred latch for "nextstate[0]" at Controller.v(10)
Info (10041): Inferred latch for "nextstate[1]" at Controller.v(10)
Info (10041): Inferred latch for "nextstate[2]" at Controller.v(10)
Info (10041): Inferred latch for "nextstate[3]" at Controller.v(10)
Info (10041): Inferred latch for "nextstate[4]" at Controller.v(10)
Info (12128): Elaborating entity "ID" for hierarchy "ControlUnit:CU|ID:ID"
Warning (10270): Verilog HDL Case Statement warning at ID.v(5): incomplete case statement has no default case item
Warning (10240): Verilog HDL Always Construct warning at ID.v(4): inferring latch(es) for variable "LDA", which holds its previous value in one or more paths through the always construct
Warning (10240): Verilog HDL Always Construct warning at ID.v(4): inferring latch(es) for variable "STA", which holds its previous value in one or more paths through the always construct
Warning (10240): Verilog HDL Always Construct warning at ID.v(4): inferring latch(es) for variable "ADD", which holds its previous value in one or more paths through the always construct
Warning (10240): Verilog HDL Always Construct warning at ID.v(4): inferring latch(es) for variable "SUB", which holds its previous value in one or more paths through the always construct
Warning (10240): Verilog HDL Always Construct warning at ID.v(4): inferring latch(es) for variable "XOR", which holds its previous value in one or more paths through the always construct
Warning (10240): Verilog HDL Always Construct warning at ID.v(4): inferring latch(es) for variable "INC", which holds its previous value in one or more paths through the always construct
Warning (10240): Verilog HDL Always Construct warning at ID.v(4): inferring latch(es) for variable "CLR", which holds its previous value in one or more paths through the always construct
Warning (10240): Verilog HDL Always Construct warning at ID.v(4): inferring latch(es) for variable "JMP", which holds its previous value in one or more paths through the always construct
Warning (10240): Verilog HDL Always Construct warning at ID.v(4): inferring latch(es) for variable "JPZ", which holds its previous value in one or more paths through the always construct
Warning (10240): Verilog HDL Always Construct warning at ID.v(4): inferring latch(es) for variable "JPN", which holds its previous value in one or more paths through the always construct
Warning (10240): Verilog HDL Always Construct warning at ID.v(4): inferring latch(es) for variable "HLT", which holds its previous value in one or more paths through the always construct
Info (10041): Inferred latch for "HLT" at ID.v(4)
Info (10041): Inferred latch for "JPN" at ID.v(4)
Info (10041): Inferred latch for "JPZ" at ID.v(4)
Info (10041): Inferred latch for "JMP" at ID.v(4)
Info (10041): Inferred latch for "CLR" at ID.v(4)
Info (10041): Inferred latch for "INC" at ID.v(4)
Info (10041): Inferred latch for "XOR" at ID.v(4)
Info (10041): Inferred latch for "SUB" at ID.v(4)
Info (10041): Inferred latch for "ADD" at ID.v(4)
Info (10041): Inferred latch for "STA" at ID.v(4)
Info (10041): Inferred latch for "LDA" at ID.v(4)
Info (12128): Elaborating entity "pi_po_register_74175" for hierarchy "pi_po_register_74175:IR"
Info (12128): Elaborating entity "74175" for hierarchy "pi_po_register_74175:IR|74175:inst"
Info (12130): Elaborated megafunction instantiation "pi_po_register_74175:IR|74175:inst"
Info (12128): Elaborating entity "TRISCRAMCsp18" for hierarchy "TRISCRAMCsp18:inst"
Info (12128): Elaborating entity "altsyncram" for hierarchy "TRISCRAMCsp18:inst|altsyncram:altsyncram_component"
Info (12130): Elaborated megafunction instantiation "TRISCRAMCsp18:inst|altsyncram:altsyncram_component"
Info (12133): Instantiated megafunction "TRISCRAMCsp18:inst|altsyncram:altsyncram_component" with the following parameter:
    Info (12134): Parameter "clock_enable_input_a" = "BYPASS"
    Info (12134): Parameter "clock_enable_output_a" = "BYPASS"
    Info (12134): Parameter "init_file" = "TRISCRAMCsp18.hex"
    Info (12134): Parameter "intended_device_family" = "Cyclone II"
    Info (12134): Parameter "lpm_hint" = "ENABLE_RUNTIME_MOD=NO"
    Info (12134): Parameter "lpm_type" = "altsyncram"
    Info (12134): Parameter "numwords_a" = "16"
    Info (12134): Parameter "operation_mode" = "SINGLE_PORT"
    Info (12134): Parameter "outdata_aclr_a" = "NONE"
    Info (12134): Parameter "outdata_reg_a" = "CLOCK0"
    Info (12134): Parameter "power_up_uninitialized" = "FALSE"
    Info (12134): Parameter "widthad_a" = "4"
    Info (12134): Parameter "width_a" = "8"
    Info (12134): Parameter "width_byteena_a" = "1"
Info (12021): Found 1 design units, including 1 entities, in source file db/altsyncram_spc1.tdf
    Info (12023): Found entity 1: altsyncram_spc1
Info (12128): Elaborating entity "altsyncram_spc1" for hierarchy "TRISCRAMCsp18:inst|altsyncram:altsyncram_component|altsyncram_spc1:auto_generated"
Info (12128): Elaborating entity "74157" for hierarchy "74157:inst5"
Info (12130): Elaborated megafunction instantiation "74157:inst5"
Info (12128): Elaborating entity "FourBitUpCounter" for hierarchy "FourBitUpCounter:inst10"
Info (12128): Elaborating entity "74193" for hierarchy "FourBitUpCounter:inst10|74193:inst"
Info (12130): Elaborated megafunction instantiation "FourBitUpCounter:inst10|74193:inst"
Info (12128): Elaborating entity "ACC" for hierarchy "ACC:ACC"
Info (12128): Elaborating entity "ALU_final" for hierarchy "ALU_final:inst19"
Warning (275011): Block or symbol "ripple_carry_prelab" of instance "adder_with_carry" overlaps another block or symbol
Info (12128): Elaborating entity "ripple_carry_prelab" for hierarchy "ALU_final:inst19|ripple_carry_prelab:adder_with_carry"
Info (12128): Elaborating entity "pre_lab" for hierarchy "ALU_final:inst19|ripple_carry_prelab:adder_with_carry|pre_lab:adder2"
Info (12128): Elaborating entity "lab4_1" for hierarchy "lab4_1:greenOutput"
Info (13025): Duplicate LATCH primitives merged into single LATCH primitive
    Info (13026): Duplicate LATCH primitive "ControlUnit:CU|Controller:Controller_|c7" merged with LATCH primitive "ControlUnit:CU|Controller:Controller_|c2"
Warning (13012): Latch ControlUnit:CU|Controller:Controller_|c0 has unsafe behavior
    Warning (13013): Ports D and ENA on the latch are fed by the same signal ControlUnit:CU|Controller:Controller_|state[4]
Warning (13012): Latch ControlUnit:CU|Controller:Controller_|c5 has unsafe behavior
    Warning (13013): Ports D and ENA on the latch are fed by the same signal ControlUnit:CU|Controller:Controller_|state[4]
Warning (13012): Latch ControlUnit:CU|Controller:Controller_|c4 has unsafe behavior
    Warning (13013): Ports D and ENA on the latch are fed by the same signal ControlUnit:CU|Controller:Controller_|state[4]
Warning (13012): Latch ControlUnit:CU|Controller:Controller_|c2 has unsafe behavior
    Warning (13013): Ports D and ENA on the latch are fed by the same signal ControlUnit:CU|Controller:Controller_|state[4]
Warning (13012): Latch ControlUnit:CU|Controller:Controller_|c16 has unsafe behavior
    Warning (13013): Ports D and ENA on the latch are fed by the same signal ControlUnit:CU|Controller:Controller_|state[4]
Warning (13012): Latch ControlUnit:CU|Controller:Controller_|c11 has unsafe behavior
    Warning (13013): Ports D and ENA on the latch are fed by the same signal ControlUnit:CU|Controller:Controller_|state[4]
Warning (13012): Latch ControlUnit:CU|Controller:Controller_|c12 has unsafe behavior
    Warning (13013): Ports D and ENA on the latch are fed by the same signal ControlUnit:CU|Controller:Controller_|state[4]
Warning (13012): Latch ControlUnit:CU|Controller:Controller_|c10 has unsafe behavior
    Warning (13013): Ports D and ENA on the latch are fed by the same signal ControlUnit:CU|Controller:Controller_|state[4]
Warning (13012): Latch ControlUnit:CU|Controller:Controller_|c9 has unsafe behavior
    Warning (13013): Ports D and ENA on the latch are fed by the same signal ControlUnit:CU|Controller:Controller_|state[4]
Warning (13012): Latch ControlUnit:CU|Controller:Controller_|c8 has unsafe behavior
    Warning (13013): Ports D and ENA on the latch are fed by the same signal ControlUnit:CU|Controller:Controller_|state[4]
Warning (13012): Latch ControlUnit:CU|Controller:Controller_|c3 has unsafe behavior
    Warning (13013): Ports D and ENA on the latch are fed by the same signal ControlUnit:CU|Controller:Controller_|state[4]
Warning (13012): Latch ControlUnit:CU|Controller:Controller_|c1 has unsafe behavior
    Warning (13013): Ports D and ENA on the latch are fed by the same signal ControlUnit:CU|Controller:Controller_|state[4]
Warning (13012): Latch ControlUnit:CU|Controller:Controller_|nextstate[4] has unsafe behavior
    Warning (13013): Ports D and ENA on the latch are fed by the same signal ControlUnit:CU|Controller:Controller_|state[3]
Warning (13012): Latch ControlUnit:CU|Controller:Controller_|nextstate[3] has unsafe behavior
    Warning (13013): Ports D and ENA on the latch are fed by the same signal ControlUnit:CU|Controller:Controller_|state[0]
Warning (13012): Latch ControlUnit:CU|Controller:Controller_|nextstate[2] has unsafe behavior
    Warning (13013): Ports D and ENA on the latch are fed by the same signal ControlUnit:CU|Controller:Controller_|state[0]
Warning (13012): Latch ControlUnit:CU|Controller:Controller_|nextstate[1] has unsafe behavior
    Warning (13013): Ports D and ENA on the latch are fed by the same signal ControlUnit:CU|Controller:Controller_|state[0]
Warning (13012): Latch ControlUnit:CU|Controller:Controller_|nextstate[0] has unsafe behavior
    Warning (13013): Ports D and ENA on the latch are fed by the same signal ControlUnit:CU|ID:ID|CLR
Warning (13012): Latch ControlUnit:CU|ID:ID|JMP has unsafe behavior
    Warning (13013): Ports D and ENA on the latch are fed by the same signal pi_po_register_74175:IR|74175:inst|16
Warning (13012): Latch ControlUnit:CU|ID:ID|ADD has unsafe behavior
    Warning (13013): Ports D and ENA on the latch are fed by the same signal pi_po_register_74175:IR|74175:inst|16
Warning (13012): Latch ControlUnit:CU|ID:ID|CLR has unsafe behavior
    Warning (13013): Ports D and ENA on the latch are fed by the same signal pi_po_register_74175:IR|74175:inst|16
Warning (13012): Latch ControlUnit:CU|ID:ID|INC has unsafe behavior
    Warning (13013): Ports D and ENA on the latch are fed by the same signal pi_po_register_74175:IR|74175:inst|16
Warning (13012): Latch ControlUnit:CU|ID:ID|STA has unsafe behavior
    Warning (13013): Ports D and ENA on the latch are fed by the same signal pi_po_register_74175:IR|74175:inst|16
Warning (13012): Latch ControlUnit:CU|ID:ID|LDA has unsafe behavior
    Warning (13013): Ports D and ENA on the latch are fed by the same signal pi_po_register_74175:IR|74175:inst|16
Warning (13004): Presettable and clearable registers converted to equivalent circuits with latches. Registers power-up to an undefined state, and DEVCLRn places the registers in an undefined state.
    Warning (13310): Register "ACC:ACC|74193:inst|26" is converted into an equivalent circuit using register "ACC:ACC|74193:inst|26~_emulated" and latch "ACC:ACC|74193:inst|26~1"
    Warning (13310): Register "ACC:ACC|74193:inst|25" is converted into an equivalent circuit using register "ACC:ACC|74193:inst|25~_emulated" and latch "ACC:ACC|74193:inst|25~1"
    Warning (13310): Register "ACC:ACC|74193:inst|24" is converted into an equivalent circuit using register "ACC:ACC|74193:inst|24~_emulated" and latch "ACC:ACC|74193:inst|24~1"
    Warning (13310): Register "ACC:ACC|74193:inst|23" is converted into an equivalent circuit using register "ACC:ACC|74193:inst|23~_emulated" and latch "ACC:ACC|74193:inst|23~1"
    Warning (13310): Register "FourBitUpCounter:inst10|74193:inst|26" is converted into an equivalent circuit using register "FourBitUpCounter:inst10|74193:inst|26~_emulated" and latch "FourBitUpCounter:inst10|74193:inst|26~1"
    Warning (13310): Register "FourBitUpCounter:inst10|74193:inst|25" is converted into an equivalent circuit using register "FourBitUpCounter:inst10|74193:inst|25~_emulated" and latch "FourBitUpCounter:inst10|74193:inst|25~1"
    Warning (13310): Register "FourBitUpCounter:inst10|74193:inst|24" is converted into an equivalent circuit using register "FourBitUpCounter:inst10|74193:inst|24~_emulated" and latch "FourBitUpCounter:inst10|74193:inst|24~1"
    Warning (13310): Register "FourBitUpCounter:inst10|74193:inst|23" is converted into an equivalent circuit using register "FourBitUpCounter:inst10|74193:inst|23~_emulated" and latch "FourBitUpCounter:inst10|74193:inst|23~1"
Warning (13024): Output pins are stuck at VCC or GND
    Warning (13410): Pin "c13" is stuck at GND
Info (16010): Generating hard_block partition "hard_block:auto_generated_inst"
    Info (16011): Adding 0 node(s), including 0 DDIO, 0 PLL, 0 transceiver and 0 LCELL
Info (21057): Implemented 239 device resources after synthesis - the final resource count might be different
    Info (21058): Implemented 2 input pins
    Info (21059): Implemented 42 output pins
    Info (21061): Implemented 187 logic cells
    Info (21064): Implemented 8 RAM segments
Info: Quartus II 64-Bit Analysis & Synthesis was successful. 0 errors, 116 warnings
    Info: Peak virtual memory: 547 megabytes
    Info: Processing ended: Fri May 04 12:45:26 2018
    Info: Elapsed time: 00:00:04
    Info: Total CPU time (on all processors): 00:00:02


